[debug] > Exec(test, None, None)
[debug] Evaluating tasks: Test / test
[debug] Running task... Cancel: Signal, check cycles: false, forcegc: true
[info] compiling 1 Scala source to C:\Users\randa\IdeaProjects\functional-programming-in-scala\target\scala-2.13\test-classes ...
[info] done compiling
[info] RecursionTests:
[info] - fib(6) is 5
[info] - fib(0) is 0
[info] - isSorted straightforward with Ints
[info] - isSorted with repeat Ints
[info] - isSorted with unsorted Int Array
[info] - isSorted with sorted string lengths
[info] - isSorted with unsorted string array
[info] Run completed in 363 milliseconds.
[info] Total number of tests run: 7
[info] Suites: completed 1, aborted 0
[info] Tests: succeeded 7, failed 0, canceled 0, ignored 0, pending 0
[info] All tests passed.
[success] Total time: 1 s, completed Aug 20, 2022, 4:20:11 PM
[debug] > Exec(idea-shell, None, None)
