[debug] > Exec(test, None, None)
[debug] Evaluating tasks: Test / test
[debug] Running task... Cancel: Signal, check cycles: false, forcegc: true
[info] compiling 1 Scala source to C:\Users\randa\IdeaProjects\functional-programming-in-scala\target\scala-2.13\test-classes ...
[info] done compiling
[info] RecursionTests:
[info] - fib(6) is 5
[info] - fib(0) is 0
[info] - isSorted straightforward with Ints
[info] - isSorted with repeat Ints
[info] - isSorted with unsorted Int Array
[info] - isSorted with sorted string lengths
[info] - isSorted with unsorted string array
[info] MyListTests:
[info] - ex 3.1
[info] - tail of regular list
[info] - tail of 2 element list
[info] - tail of Nil
[info] - setHead with Ints
[info] - setHead with Strings
[info] - setHead with a Nil list
[info] - drop 0
[info] - drop 1
[info] - drop 2
[info] - drop 3
[info] - drop 4
[info] - dropWhile x is less than 4
[info] - dropWhile true
[info] - dropWhile false
[info] - dropWhile x == 2
[info] - dropWhile x == 1
[info] Run completed in 180 milliseconds.
[info] Total number of tests run: 24
[info] Suites: completed 2, aborted 0
[info] Tests: succeeded 24, failed 0, canceled 0, ignored 0, pending 0
[info] All tests passed.
[success] Total time: 1 s, completed Aug 20, 2022, 5:06:10 PM
[debug] > Exec(idea-shell, None, None)
